<?xml version="1.0" encoding="UTF-8"?>
<!-- Generated by org.testng.reporters.JUnitReportReporter -->
<testsuite hostname="EPHUBUDW2232" name="controllers.HomeControllerTest" tests="1" failures="0" timestamp="13 Sep 2016 11:17:30 GMT" time="0.002" errors="0">
  <testcase name="testPerformGetHomepageShouldReturnIndexPage" time="0.002" classname="controllers.HomeControllerTest"/>
</testsuite> <!-- controllers.HomeControllerTest -->
