<?xml version="1.0" encoding="UTF-8"?>
<!-- Generated by org.testng.reporters.JUnitReportReporter -->
<testsuite hostname="EPHUBUDW2232" name="controllers.ListItemTest" tests="2" failures="0" timestamp="13 Sep 2016 11:17:30 GMT" time="0.059" errors="0">
  <testcase name="testShouldReturnListView" time="0.003" classname="controllers.ListItemTest"/>
  <testcase name="testResultShouldContainProperModelName" time="0.056" classname="controllers.ListItemTest"/>
</testsuite> <!-- controllers.ListItemTest -->
