<?xml version="1.0" encoding="UTF-8"?>
<!-- Generated by org.testng.reporters.JUnitReportReporter -->
<testsuite hostname="EPHUBUDW2232" name="domain.repository.ItemStoreTest" tests="1" failures="0" timestamp="13 Sep 2016 11:57:59 GMT" time="0.015" errors="0">
  <testcase name="testShouldHandleSession" time="0.015" classname="domain.repository.ItemStoreTest"/>
</testsuite> <!-- domain.repository.ItemStoreTest -->
